<?xml version="1.0" encoding="UTF-8" ?>
<testsuite tests="2" failures="1" name="example.NewTest" time="35.036" errors="0" skipped="0">
  <properties>
    <property name="java.vendor" value="Oracle Corporation"/>
    <property name="JOB_NAME" value="WebDriverTest"/>
    <property name="sun.java.launcher" value="SUN_STANDARD"/>
    <property name="NUMBER_OF_PROCESSORS" value="4"/>
    <property name="sun.management.compiler" value="HotSpot 64-Bit Tiered Compilers"/>
    <property name="JENKINS_HOME" value="C:\Users\acer\.jenkins"/>
    <property name="FPS_BROWSER_USER_PROFILE_STRING" value="Default"/>
    <property name="HUDSON_SERVER_COOKIE" value="62ed0f7ba76f9e17"/>
    <property name="POM_ARTIFACTID" value="com.WebDriverTest"/>
    <property name="os.name" value="Windows 10"/>
    <property name="sun.boot.class.path" value="C:\Program Files\Java\jdk1.8.0_111\jre\lib\resources.jar;C:\Program Files\Java\jdk1.8.0_111\jre\lib\rt.jar;C:\Program Files\Java\jdk1.8.0_111\jre\lib\sunrsasign.jar;C:\Program Files\Java\jdk1.8.0_111\jre\lib\jsse.jar;C:\Program Files\Java\jdk1.8.0_111\jre\lib\jce.jar;C:\Program Files\Java\jdk1.8.0_111\jre\lib\charsets.jar;C:\Program Files\Java\jdk1.8.0_111\jre\lib\jfr.jar;C:\Program Files\Java\jdk1.8.0_111\jre\classes"/>
    <property name="EXECUTOR_NUMBER" value="1"/>
    <property name="sun.desktop" value="windows"/>
    <property name="PATHEXT" value=".COM;.EXE;.BAT;.CMD;.VBS;.VBE;.JS;.JSE;.WSF;.WSH;.MSC"/>
    <property name="java.vm.specification.vendor" value="Oracle Corporation"/>
    <property name="POM_DISPLAYNAME" value="WebDriverTest"/>
    <property name="NODE_LABELS" value="master"/>
    <property name="TEMP" value="C:\Users\acer\AppData\Local\Temp"/>
    <property name="java.runtime.version" value="1.8.0_111-b14"/>
    <property name="FPS_BROWSER_APP_PROFILE_STRING" value="Internet Explorer"/>
    <property name="user.name" value="acer"/>
    <property name="guice.disable.misplaced.annotation.check" value="true"/>
    <property name="CommonProgramW6432" value="C:\Program Files\Common Files"/>
    <property name="ProgramFiles" value="C:\Program Files"/>
    <property name="PROMPT" value="$P$G"/>
    <property name="user.language" value="en"/>
    <property name="JOB_BASE_NAME" value="WebDriverTest"/>
    <property name="RUN_CHANGES_DISPLAY_URL" value="http://unconfigured-jenkins-location/job/WebDriverTest/2/display/redirect?page=changes"/>
    <property name="BUILD_DISPLAY_NAME" value="#2"/>
    <property name="OneDrive" value="C:\Users\acer\OneDrive"/>
    <property name="sun.boot.library.path" value="C:\Program Files\Java\jdk1.8.0_111\jre\bin"/>
    <property name="LOCALAPPDATA" value="C:\Users\acer\AppData\Local"/>
    <property name="java.version" value="1.8.0_111"/>
    <property name="PROCESSOR_LEVEL" value="6"/>
    <property name="user.timezone" value="Asia/Calcutta"/>
    <property name="USERNAME" value="acer"/>
    <property name="sun.arch.data.model" value="64"/>
    <property name="NODE_NAME" value="master"/>
    <property name="java.endorsed.dirs" value="C:\Program Files\Java\jdk1.8.0_111\jre\lib\endorsed"/>
    <property name="BUILD_ID" value="2"/>
    <property name="sun.cpu.isalist" value="amd64"/>
    <property name="sun.jnu.encoding" value="Cp1252"/>
    <property name="file.encoding.pkg" value="sun.io"/>
    <property name="file.separator" value="\"/>
    <property name="java.specification.name" value="Java Platform API Specification"/>
    <property name="HOMEDRIVE" value="C:"/>
    <property name="maven.conf" value="C:\Users\acer\.jenkins\tools\hudson.tasks.Maven_MavenInstallation\TestMaven\conf"/>
    <property name="java.class.version" value="52.0"/>
    <property name="=::" value="::\"/>
    <property name="org.slf4j.simpleLogger.defaultLogLevel" value="info"/>
    <property name="user.country" value="US"/>
    <property name="ALLUSERSPROFILE" value="C:\ProgramData"/>
    <property name="java.home" value="C:\Program Files\Java\jdk1.8.0_111\jre"/>
    <property name="java.vm.info" value="mixed mode"/>
    <property name="os.version" value="10.0"/>
    <property name="RUN_DISPLAY_URL" value="http://unconfigured-jenkins-location/job/WebDriverTest/2/display/redirect"/>
    <property name="POM_VERSION" value="0.0.1-SNAPSHOT"/>
    <property name="TMP" value="C:\Users\acer\AppData\Local\Temp"/>
    <property name="path.separator" value=";"/>
    <property name="java.vm.version" value="25.111-b14"/>
    <property name="user.variant" value=""/>
    <property name="JOB_DISPLAY_URL" value="http://unconfigured-jenkins-location/job/WebDriverTest/display/redirect"/>
    <property name="CommonProgramFiles(x86)" value="C:\Program Files (x86)\Common Files"/>
    <property name="USERDOMAIN_ROAMINGPROFILE" value="SHAILESH"/>
    <property name="java.awt.printerjob" value="sun.awt.windows.WPrinterJob"/>
    <property name="FP_NO_HOST_CHECK" value="NO"/>
    <property name="JAVA_HOME" value="C:\Program Files\Java\jdk1.8.0_111"/>
    <property name="sun.io.unicode.encoding" value="UnicodeLittle"/>
    <property name="CommonProgramFiles" value="C:\Program Files\Common Files"/>
    <property name="ComSpec" value="C:\WINDOWS\system32\cmd.exe"/>
    <property name="awt.toolkit" value="sun.awt.windows.WToolkit"/>
    <property name="HOMEPATH" value="\Users\acer"/>
    <property name="POM_PACKAGING" value="jar"/>
    <property name="user.script" value=""/>
    <property name="COMPUTERNAME" value="SHAILESH"/>
    <property name="POM_GROUPID" value="WebDriverTest"/>
    <property name="user.home" value="C:\Users\acer"/>
    <property name="PUBLIC" value="C:\Users\Public"/>
    <property name="BUILD_TAG" value="jenkins-WebDriverTest-2"/>
    <property name="JENKINS_SERVER_COOKIE" value="62ed0f7ba76f9e17"/>
    <property name="ProgramData" value="C:\ProgramData"/>
    <property name="java.specification.vendor" value="Oracle Corporation"/>
    <property name="USERPROFILE" value="C:\Users\acer"/>
    <property name="CLASSPATH" value=""/>
    <property name="java.vendor.url" value="http://java.oracle.com/"/>
    <property name="java.library.path" value="C:\Program Files\Java\jdk1.8.0_111\bin;C:\WINDOWS\Sun\Java\bin;C:\WINDOWS\system32;C:\WINDOWS;C:\Users\acer\.jenkins\tools\hudson.tasks.Maven_MavenInstallation\TestMaven/bin;C:\Program Files\Java\jdk1.8.0_111/bin;C:\Program Files\Java\jdk1.8.0_111/bin;C:\ProgramData\Oracle\Java\javapath;C:\WINDOWS\system32;C:\WINDOWS;C:\WINDOWS\system32\Wbem;C:\Program Files (x86)\Intel\TXE Components\TCS\;C:\Program Files\Intel\TXE Components\TCS\;C:\WINDOWS\System32\WindowsPowerShell\v1.0\;C:\Program Files (x86)\Skype\Phone\;C:\WINDOWS\System32\Wbem;C:\Program Files\Java\jdk1.8.0_111\bin;C:\Program Files\Java\jre1.8.0_111\bin;c:\Program Files (x86)\Microsoft SQL Server\100\Tools\Binn\VSShell\Common7\IDE\;c:\Program Files (x86)\Microsoft SQL Server\100\Tools\Binn\;c:\Program Files\Microsoft SQL Server\100\Tools\Binn\;c:\Program Files (x86)\Microsoft SQL Server\100\DTS\Binn\;C:\Program Files\Git\cmd;C:\Program Files\PuTTY\;C:\Program Files\apache\maven\bin;C:\Users\acer\AppData\Local\Microsoft\WindowsApps;;."/>
    <property name="java.vm.vendor" value="Oracle Corporation"/>
    <property name="APPDATA" value="C:\Users\acer\AppData\Roaming"/>
    <property name="java.runtime.name" value="Java(TM) SE Runtime Environment"/>
    <property name="maven.home" value="C:\Users\acer\.jenkins\tools\hudson.tasks.Maven_MavenInstallation\TestMaven"/>
    <property name="java.class.path" value="C:\Users\acer\.jenkins\plugins\maven-plugin\WEB-INF\lib\maven35-agent-1.12-alpha-1.jar;C:\Users\acer\.jenkins\tools\hudson.tasks.Maven_MavenInstallation\TestMaven\boot\plexus-classworlds-2.5.2.jar;C:\Users\acer\.jenkins\tools\hudson.tasks.Maven_MavenInstallation\TestMaven/conf/logging"/>
    <property name="sun.java.command" value="jenkins.maven3.agent.Maven35Main C:\Users\acer\.jenkins\tools\hudson.tasks.Maven_MavenInstallation\TestMaven C:\Users\acer\.jenkins\war\WEB-INF\lib\remoting-3.14.jar C:\Users\acer\.jenkins\plugins\maven-plugin\WEB-INF\lib\maven35-interceptor-1.12-alpha-1.jar C:\Users\acer\.jenkins\plugins\maven-plugin\WEB-INF\lib\maven3-interceptor-commons-1.12-alpha-1.jar 5892"/>
    <property name="Path" value="C:\Program Files\Java\jdk1.8.0_111/bin;C:\ProgramData\Oracle\Java\javapath;C:\WINDOWS\system32;C:\WINDOWS;C:\WINDOWS\system32\Wbem;C:\Program Files (x86)\Intel\TXE Components\TCS\;C:\Program Files\Intel\TXE Components\TCS\;C:\WINDOWS\System32\WindowsPowerShell\v1.0\;C:\Program Files (x86)\Skype\Phone\;C:\WINDOWS\System32\Wbem;C:\Program Files\Java\jdk1.8.0_111\bin;C:\Program Files\Java\jre1.8.0_111\bin;c:\Program Files (x86)\Microsoft SQL Server\100\Tools\Binn\VSShell\Common7\IDE\;c:\Program Files (x86)\Microsoft SQL Server\100\Tools\Binn\;c:\Program Files\Microsoft SQL Server\100\Tools\Binn\;c:\Program Files (x86)\Microsoft SQL Server\100\DTS\Binn\;C:\Program Files\Git\cmd;C:\Program Files\PuTTY\;C:\Program Files\apache\maven\bin;C:\Users\acer\AppData\Local\Microsoft\WindowsApps;"/>
    <property name="java.vm.specification.name" value="Java Virtual Machine Specification"/>
    <property name="PROCESSOR_ARCHITECTURE" value="AMD64"/>
    <property name="PATH+JDK" value="C:\Program Files\Java\jdk1.8.0_111/bin"/>
    <property name="PROCESSOR_IDENTIFIER" value="Intel64 Family 6 Model 55 Stepping 8, GenuineIntel"/>
    <property name="SESSIONNAME" value="Console"/>
    <property name="java.vm.specification.version" value="1.8"/>
    <property name="sun.os.patch.level" value=""/>
    <property name="sun.cpu.endian" value="little"/>
    <property name="M2_HOME" value="C:\Users\acer\.jenkins\tools\hudson.tasks.Maven_MavenInstallation\TestMaven"/>
    <property name="java.io.tmpdir" value="C:\Users\acer\AppData\Local\Temp\"/>
    <property name="OS" value="Windows_NT"/>
    <property name="HUDSON_HOME" value="C:\Users\acer\.jenkins"/>
    <property name="PATH+MAVEN" value="C:\Users\acer\.jenkins\tools\hudson.tasks.Maven_MavenInstallation\TestMaven/bin"/>
    <property name="ProgramFiles(x86)" value="C:\Program Files (x86)"/>
    <property name="java.vendor.url.bug" value="http://bugreport.sun.com/bugreport/"/>
    <property name="java.awt.graphicsenv" value="sun.awt.Win32GraphicsEnvironment"/>
    <property name="os.arch" value="amd64"/>
    <property name="SystemRoot" value="C:\WINDOWS"/>
    <property name="java.ext.dirs" value="C:\Program Files\Java\jdk1.8.0_111\jre\lib\ext;C:\WINDOWS\Sun\Java\lib\ext"/>
    <property name="user.dir" value="D:\com.WebDriverTest"/>
    <property name="LOGONSERVER" value="\\SHAILESH"/>
    <property name="USERDOMAIN" value="SHAILESH"/>
    <property name="line.separator" value="
"/>
    <property name="MAVEN_HOME" value="C:\Users\acer\.jenkins\tools\hudson.tasks.Maven_MavenInstallation\TestMaven"/>
    <property name="java.vm.name" value="Java HotSpot(TM) 64-Bit Server VM"/>
    <property name="BUILD_NUMBER" value="2"/>
    <property name="PROCESSOR_REVISION" value="3708"/>
    <property name="GIT_BRANCH" value="origin/master"/>
    <property name="ProgramW6432" value="C:\Program Files"/>
    <property name="windir" value="C:\WINDOWS"/>
    <property name="GIT_COMMIT" value="72f54e6b158276dd8b2f3bf7a9b53470e5325288"/>
    <property name="=C:" value="C:\jenkins-2.89.3"/>
    <property name="file.encoding" value="Cp1252"/>
    <property name="SystemDrive" value="C:"/>
    <property name="maven3.interceptor" value="C:\Users\acer\.jenkins\plugins\maven-plugin\WEB-INF\lib\maven35-interceptor-1.12-alpha-1.jar"/>
    <property name="WORKSPACE" value="C:\Users\acer\.jenkins\workspace\WebDriverTest"/>
    <property name="maven3.interceptor.common" value="C:\Users\acer\.jenkins\plugins\maven-plugin\WEB-INF\lib\maven3-interceptor-commons-1.12-alpha-1.jar"/>
    <property name="java.specification.version" value="1.8"/>
    <property name="PSModulePath" value="C:\WINDOWS\system32\WindowsPowerShell\v1.0\Modules\"/>
    <property name="GIT_URL" value="https://github.com/shaileshk87/webDriverTest"/>
  </properties>
  <testcase classname="example.NewTest" name="f" time="27.5"/>
  <testcase classname="example.NewTest" name="ft" time="7.536">
    <failure message="expected [Google1] but found [Google]" type="java.lang.AssertionError">java.lang.AssertionError: expected [Google1] but found [Google]
	at org.testng.Assert.fail(Assert.java:96)
	at org.testng.Assert.failNotEquals(Assert.java:776)
	at org.testng.Assert.assertEqualsImpl(Assert.java:137)
	at org.testng.Assert.assertEquals(Assert.java:118)
	at org.testng.Assert.assertEquals(Assert.java:453)
	at org.testng.Assert.assertEquals(Assert.java:463)
	at example.NewTest.ft(NewTest.java:44)
</failure>
    <system-out>02-14-2018 17:33:31 RequestAddCookies.java DEBUG [Forwarding get on session 349e30d04f7145aaeec1f879658d962b to remote] protocol.RequestAddCookies 123 - CookieSpec selected: default
02-14-2018 17:33:31 RequestAuthCache.java DEBUG [Forwarding get on session 349e30d04f7145aaeec1f879658d962b to remote] protocol.RequestAuthCache 77 - Auth cache not set in the context
02-14-2018 17:33:31 PoolingHttpClientConnectionManager.java DEBUG [Forwarding get on session 349e30d04f7145aaeec1f879658d962b to remote] conn.PoolingHttpClientConnectionManager 255 - Connection request: [route: {}-&gt;http://localhost:48816][total kept alive: 0; route allocated: 0 of 2000; total allocated: 0 of 2000]
02-14-2018 17:33:31 PoolingHttpClientConnectionManager.java DEBUG [Forwarding get on session 349e30d04f7145aaeec1f879658d962b to remote] conn.PoolingHttpClientConnectionManager 288 - Connection leased: [id: 3][route: {}-&gt;http://localhost:48816][total kept alive: 0; route allocated: 1 of 2000; total allocated: 1 of 2000]
02-14-2018 17:33:31 MainClientExec.java DEBUG [Forwarding get on session 349e30d04f7145aaeec1f879658d962b to remote] execchain.MainClientExec 235 - Opening connection {}-&gt;http://localhost:48816
02-14-2018 17:33:31 DefaultHttpClientConnectionOperator.java DEBUG [Forwarding get on session 349e30d04f7145aaeec1f879658d962b to remote] conn.DefaultHttpClientConnectionOperator 139 - Connecting to localhost/127.0.0.1:48816
02-14-2018 17:33:31 DefaultHttpClientConnectionOperator.java DEBUG [Forwarding get on session 349e30d04f7145aaeec1f879658d962b to remote] conn.DefaultHttpClientConnectionOperator 146 - Connection established 127.0.0.1:5994&lt;-&gt;127.0.0.1:48816
02-14-2018 17:33:31 LoggingManagedHttpClientConnection.java DEBUG [Forwarding get on session 349e30d04f7145aaeec1f879658d962b to remote] conn.DefaultManagedHttpClientConnection 88 - http-outgoing-3: set socket timeout to 10800000
02-14-2018 17:33:31 MainClientExec.java DEBUG [Forwarding get on session 349e30d04f7145aaeec1f879658d962b to remote] execchain.MainClientExec 256 - Executing request POST /session/349e30d04f7145aaeec1f879658d962b/url HTTP/1.1
02-14-2018 17:33:31 MainClientExec.java DEBUG [Forwarding get on session 349e30d04f7145aaeec1f879658d962b to remote] execchain.MainClientExec 261 - Target auth state: UNCHALLENGED
02-14-2018 17:33:31 MainClientExec.java DEBUG [Forwarding get on session 349e30d04f7145aaeec1f879658d962b to remote] execchain.MainClientExec 267 - Proxy auth state: UNCHALLENGED
02-14-2018 17:33:31 LoggingManagedHttpClientConnection.java DEBUG [Forwarding get on session 349e30d04f7145aaeec1f879658d962b to remote] http.headers 133 - http-outgoing-3 &gt;&gt; POST /session/349e30d04f7145aaeec1f879658d962b/url HTTP/1.1
02-14-2018 17:33:31 LoggingManagedHttpClientConnection.java DEBUG [Forwarding get on session 349e30d04f7145aaeec1f879658d962b to remote] http.headers 136 - http-outgoing-3 &gt;&gt; Content-Type: application/json; charset=utf-8
02-14-2018 17:33:31 LoggingManagedHttpClientConnection.java DEBUG [Forwarding get on session 349e30d04f7145aaeec1f879658d962b to remote] http.headers 136 - http-outgoing-3 &gt;&gt; Content-Length: 28
02-14-2018 17:33:31 LoggingManagedHttpClientConnection.java DEBUG [Forwarding get on session 349e30d04f7145aaeec1f879658d962b to remote] http.headers 136 - http-outgoing-3 &gt;&gt; Host: localhost:48816
02-14-2018 17:33:31 LoggingManagedHttpClientConnection.java DEBUG [Forwarding get on session 349e30d04f7145aaeec1f879658d962b to remote] http.headers 136 - http-outgoing-3 &gt;&gt; Connection: Keep-Alive
02-14-2018 17:33:31 LoggingManagedHttpClientConnection.java DEBUG [Forwarding get on session 349e30d04f7145aaeec1f879658d962b to remote] http.headers 136 - http-outgoing-3 &gt;&gt; User-Agent: Apache-HttpClient/4.5.3 (Java/1.8.0_111)
02-14-2018 17:33:31 LoggingManagedHttpClientConnection.java DEBUG [Forwarding get on session 349e30d04f7145aaeec1f879658d962b to remote] http.headers 136 - http-outgoing-3 &gt;&gt; Accept-Encoding: gzip,deflate
02-14-2018 17:33:31 Wire.java DEBUG [Forwarding get on session 349e30d04f7145aaeec1f879658d962b to remote] http.wire 73 - http-outgoing-3 &gt;&gt; &quot;POST /session/349e30d04f7145aaeec1f879658d962b/url HTTP/1.1[\r][\n]&quot;
02-14-2018 17:33:31 Wire.java DEBUG [Forwarding get on session 349e30d04f7145aaeec1f879658d962b to remote] http.wire 73 - http-outgoing-3 &gt;&gt; &quot;Content-Type: application/json; charset=utf-8[\r][\n]&quot;
02-14-2018 17:33:31 Wire.java DEBUG [Forwarding get on session 349e30d04f7145aaeec1f879658d962b to remote] http.wire 73 - http-outgoing-3 &gt;&gt; &quot;Content-Length: 28[\r][\n]&quot;
02-14-2018 17:33:31 Wire.java DEBUG [Forwarding get on session 349e30d04f7145aaeec1f879658d962b to remote] http.wire 73 - http-outgoing-3 &gt;&gt; &quot;Host: localhost:48816[\r][\n]&quot;
02-14-2018 17:33:31 Wire.java DEBUG [Forwarding get on session 349e30d04f7145aaeec1f879658d962b to remote] http.wire 73 - http-outgoing-3 &gt;&gt; &quot;Connection: Keep-Alive[\r][\n]&quot;
02-14-2018 17:33:31 Wire.java DEBUG [Forwarding get on session 349e30d04f7145aaeec1f879658d962b to remote] http.wire 73 - http-outgoing-3 &gt;&gt; &quot;User-Agent: Apache-HttpClient/4.5.3 (Java/1.8.0_111)[\r][\n]&quot;
02-14-2018 17:33:31 Wire.java DEBUG [Forwarding get on session 349e30d04f7145aaeec1f879658d962b to remote] http.wire 73 - http-outgoing-3 &gt;&gt; &quot;Accept-Encoding: gzip,deflate[\r][\n]&quot;
02-14-2018 17:33:31 Wire.java DEBUG [Forwarding get on session 349e30d04f7145aaeec1f879658d962b to remote] http.wire 73 - http-outgoing-3 &gt;&gt; &quot;[\r][\n]&quot;
02-14-2018 17:33:31 Wire.java DEBUG [Forwarding get on session 349e30d04f7145aaeec1f879658d962b to remote] http.wire 87 - http-outgoing-3 &gt;&gt; &quot;{&quot;url&quot;:&quot;https://google.com&quot;}&quot;
02-14-2018 17:33:38 Wire.java DEBUG [Forwarding get on session 349e30d04f7145aaeec1f879658d962b to remote] http.wire 73 - http-outgoing-3 &lt;&lt; &quot;HTTP/1.1 200 OK[\r][\n]&quot;
02-14-2018 17:33:38 Wire.java DEBUG [Forwarding get on session 349e30d04f7145aaeec1f879658d962b to remote] http.wire 73 - http-outgoing-3 &lt;&lt; &quot;Content-Length:72[\r][\n]&quot;
02-14-2018 17:33:38 Wire.java DEBUG [Forwarding get on session 349e30d04f7145aaeec1f879658d962b to remote] http.wire 73 - http-outgoing-3 &lt;&lt; &quot;Content-Type:application/json; charset=utf-8[\r][\n]&quot;
02-14-2018 17:33:38 Wire.java DEBUG [Forwarding get on session 349e30d04f7145aaeec1f879658d962b to remote] http.wire 73 - http-outgoing-3 &lt;&lt; &quot;Connection:close[\r][\n]&quot;
02-14-2018 17:33:38 Wire.java DEBUG [Forwarding get on session 349e30d04f7145aaeec1f879658d962b to remote] http.wire 73 - http-outgoing-3 &lt;&lt; &quot;[\r][\n]&quot;
02-14-2018 17:33:38 Wire.java DEBUG [Forwarding get on session 349e30d04f7145aaeec1f879658d962b to remote] http.wire 87 - http-outgoing-3 &lt;&lt; &quot;{&quot;sessionId&quot;:&quot;349e30d04f7145aaeec1f879658d962b&quot;,&quot;status&quot;:0,&quot;value&quot;:null}&quot;
02-14-2018 17:33:38 LoggingManagedHttpClientConnection.java DEBUG [Forwarding get on session 349e30d04f7145aaeec1f879658d962b to remote] http.headers 122 - http-outgoing-3 &lt;&lt; HTTP/1.1 200 OK
02-14-2018 17:33:38 LoggingManagedHttpClientConnection.java DEBUG [Forwarding get on session 349e30d04f7145aaeec1f879658d962b to remote] http.headers 125 - http-outgoing-3 &lt;&lt; Content-Length:72
02-14-2018 17:33:38 LoggingManagedHttpClientConnection.java DEBUG [Forwarding get on session 349e30d04f7145aaeec1f879658d962b to remote] http.headers 125 - http-outgoing-3 &lt;&lt; Content-Type:application/json; charset=utf-8
02-14-2018 17:33:38 LoggingManagedHttpClientConnection.java DEBUG [Forwarding get on session 349e30d04f7145aaeec1f879658d962b to remote] http.headers 125 - http-outgoing-3 &lt;&lt; Connection:close
02-14-2018 17:33:38 LoggingManagedHttpClientConnection.java DEBUG [Forwarding get on session 349e30d04f7145aaeec1f879658d962b to remote] conn.DefaultManagedHttpClientConnection 79 - http-outgoing-3: Close connection
02-14-2018 17:33:38 ConnectionHolder.java DEBUG [Forwarding get on session 349e30d04f7145aaeec1f879658d962b to remote] execchain.MainClientExec 104 - Connection discarded
02-14-2018 17:33:38 PoolingHttpClientConnectionManager.java DEBUG [Forwarding get on session 349e30d04f7145aaeec1f879658d962b to remote] conn.PoolingHttpClientConnectionManager 326 - Connection released: [id: 3][route: {}-&gt;http://localhost:48816][total kept alive: 0; route allocated: 0 of 2000; total allocated: 0 of 2000]
02-14-2018 17:33:38 RequestAddCookies.java DEBUG [Forwarding getTitle on session 349e30d04f7145aaeec1f879658d962b to remote] protocol.RequestAddCookies 123 - CookieSpec selected: default
02-14-2018 17:33:38 RequestAuthCache.java DEBUG [Forwarding getTitle on session 349e30d04f7145aaeec1f879658d962b to remote] protocol.RequestAuthCache 77 - Auth cache not set in the context
02-14-2018 17:33:38 PoolingHttpClientConnectionManager.java DEBUG [Forwarding getTitle on session 349e30d04f7145aaeec1f879658d962b to remote] conn.PoolingHttpClientConnectionManager 255 - Connection request: [route: {}-&gt;http://localhost:48816][total kept alive: 0; route allocated: 0 of 2000; total allocated: 0 of 2000]
02-14-2018 17:33:38 PoolingHttpClientConnectionManager.java DEBUG [Forwarding getTitle on session 349e30d04f7145aaeec1f879658d962b to remote] conn.PoolingHttpClientConnectionManager 288 - Connection leased: [id: 4][route: {}-&gt;http://localhost:48816][total kept alive: 0; route allocated: 1 of 2000; total allocated: 1 of 2000]
02-14-2018 17:33:39 MainClientExec.java DEBUG [Forwarding getTitle on session 349e30d04f7145aaeec1f879658d962b to remote] execchain.MainClientExec 235 - Opening connection {}-&gt;http://localhost:48816
02-14-2018 17:33:39 DefaultHttpClientConnectionOperator.java DEBUG [Forwarding getTitle on session 349e30d04f7145aaeec1f879658d962b to remote] conn.DefaultHttpClientConnectionOperator 139 - Connecting to localhost/127.0.0.1:48816
02-14-2018 17:33:39 DefaultHttpClientConnectionOperator.java DEBUG [Forwarding getTitle on session 349e30d04f7145aaeec1f879658d962b to remote] conn.DefaultHttpClientConnectionOperator 146 - Connection established 127.0.0.1:6008&lt;-&gt;127.0.0.1:48816
02-14-2018 17:33:39 LoggingManagedHttpClientConnection.java DEBUG [Forwarding getTitle on session 349e30d04f7145aaeec1f879658d962b to remote] conn.DefaultManagedHttpClientConnection 88 - http-outgoing-4: set socket timeout to 10800000
02-14-2018 17:33:39 MainClientExec.java DEBUG [Forwarding getTitle on session 349e30d04f7145aaeec1f879658d962b to remote] execchain.MainClientExec 256 - Executing request GET /session/349e30d04f7145aaeec1f879658d962b/title HTTP/1.1
02-14-2018 17:33:39 MainClientExec.java DEBUG [Forwarding getTitle on session 349e30d04f7145aaeec1f879658d962b to remote] execchain.MainClientExec 261 - Target auth state: UNCHALLENGED
02-14-2018 17:33:39 MainClientExec.java DEBUG [Forwarding getTitle on session 349e30d04f7145aaeec1f879658d962b to remote] execchain.MainClientExec 267 - Proxy auth state: UNCHALLENGED
02-14-2018 17:33:39 LoggingManagedHttpClientConnection.java DEBUG [Forwarding getTitle on session 349e30d04f7145aaeec1f879658d962b to remote] http.headers 133 - http-outgoing-4 &gt;&gt; GET /session/349e30d04f7145aaeec1f879658d962b/title HTTP/1.1
02-14-2018 17:33:39 LoggingManagedHttpClientConnection.java DEBUG [Forwarding getTitle on session 349e30d04f7145aaeec1f879658d962b to remote] http.headers 136 - http-outgoing-4 &gt;&gt; Cache-Control: no-cache
02-14-2018 17:33:39 LoggingManagedHttpClientConnection.java DEBUG [Forwarding getTitle on session 349e30d04f7145aaeec1f879658d962b to remote] http.headers 136 - http-outgoing-4 &gt;&gt; Host: localhost:48816
02-14-2018 17:33:39 LoggingManagedHttpClientConnection.java DEBUG [Forwarding getTitle on session 349e30d04f7145aaeec1f879658d962b to remote] http.headers 136 - http-outgoing-4 &gt;&gt; Connection: Keep-Alive
02-14-2018 17:33:39 LoggingManagedHttpClientConnection.java DEBUG [Forwarding getTitle on session 349e30d04f7145aaeec1f879658d962b to remote] http.headers 136 - http-outgoing-4 &gt;&gt; User-Agent: Apache-HttpClient/4.5.3 (Java/1.8.0_111)
02-14-2018 17:33:39 LoggingManagedHttpClientConnection.java DEBUG [Forwarding getTitle on session 349e30d04f7145aaeec1f879658d962b to remote] http.headers 136 - http-outgoing-4 &gt;&gt; Accept-Encoding: gzip,deflate
02-14-2018 17:33:39 Wire.java DEBUG [Forwarding getTitle on session 349e30d04f7145aaeec1f879658d962b to remote] http.wire 73 - http-outgoing-4 &gt;&gt; &quot;GET /session/349e30d04f7145aaeec1f879658d962b/title HTTP/1.1[\r][\n]&quot;
02-14-2018 17:33:39 Wire.java DEBUG [Forwarding getTitle on session 349e30d04f7145aaeec1f879658d962b to remote] http.wire 73 - http-outgoing-4 &gt;&gt; &quot;Cache-Control: no-cache[\r][\n]&quot;
02-14-2018 17:33:39 Wire.java DEBUG [Forwarding getTitle on session 349e30d04f7145aaeec1f879658d962b to remote] http.wire 73 - http-outgoing-4 &gt;&gt; &quot;Host: localhost:48816[\r][\n]&quot;
02-14-2018 17:33:39 Wire.java DEBUG [Forwarding getTitle on session 349e30d04f7145aaeec1f879658d962b to remote] http.wire 73 - http-outgoing-4 &gt;&gt; &quot;Connection: Keep-Alive[\r][\n]&quot;
02-14-2018 17:33:39 Wire.java DEBUG [Forwarding getTitle on session 349e30d04f7145aaeec1f879658d962b to remote] http.wire 73 - http-outgoing-4 &gt;&gt; &quot;User-Agent: Apache-HttpClient/4.5.3 (Java/1.8.0_111)[\r][\n]&quot;
02-14-2018 17:33:39 Wire.java DEBUG [Forwarding getTitle on session 349e30d04f7145aaeec1f879658d962b to remote] http.wire 73 - http-outgoing-4 &gt;&gt; &quot;Accept-Encoding: gzip,deflate[\r][\n]&quot;
02-14-2018 17:33:39 Wire.java DEBUG [Forwarding getTitle on session 349e30d04f7145aaeec1f879658d962b to remote] http.wire 73 - http-outgoing-4 &gt;&gt; &quot;[\r][\n]&quot;
02-14-2018 17:33:39 Wire.java DEBUG [Forwarding getTitle on session 349e30d04f7145aaeec1f879658d962b to remote] http.wire 73 - http-outgoing-4 &lt;&lt; &quot;HTTP/1.1 200 OK[\r][\n]&quot;
02-14-2018 17:33:39 Wire.java DEBUG [Forwarding getTitle on session 349e30d04f7145aaeec1f879658d962b to remote] http.wire 73 - http-outgoing-4 &lt;&lt; &quot;Content-Length:76[\r][\n]&quot;
02-14-2018 17:33:39 Wire.java DEBUG [Forwarding getTitle on session 349e30d04f7145aaeec1f879658d962b to remote] http.wire 73 - http-outgoing-4 &lt;&lt; &quot;Content-Type:application/json; charset=utf-8[\r][\n]&quot;
02-14-2018 17:33:39 Wire.java DEBUG [Forwarding getTitle on session 349e30d04f7145aaeec1f879658d962b to remote] http.wire 73 - http-outgoing-4 &lt;&lt; &quot;Connection:close[\r][\n]&quot;
02-14-2018 17:33:39 Wire.java DEBUG [Forwarding getTitle on session 349e30d04f7145aaeec1f879658d962b to remote] http.wire 73 - http-outgoing-4 &lt;&lt; &quot;[\r][\n]&quot;
02-14-2018 17:33:39 Wire.java DEBUG [Forwarding getTitle on session 349e30d04f7145aaeec1f879658d962b to remote] http.wire 87 - http-outgoing-4 &lt;&lt; &quot;{&quot;sessionId&quot;:&quot;349e30d04f7145aaeec1f879658d962b&quot;,&quot;status&quot;:0,&quot;value&quot;:&quot;Google&quot;}&quot;
02-14-2018 17:33:39 LoggingManagedHttpClientConnection.java DEBUG [Forwarding getTitle on session 349e30d04f7145aaeec1f879658d962b to remote] http.headers 122 - http-outgoing-4 &lt;&lt; HTTP/1.1 200 OK
02-14-2018 17:33:39 LoggingManagedHttpClientConnection.java DEBUG [Forwarding getTitle on session 349e30d04f7145aaeec1f879658d962b to remote] http.headers 125 - http-outgoing-4 &lt;&lt; Content-Length:76
02-14-2018 17:33:39 LoggingManagedHttpClientConnection.java DEBUG [Forwarding getTitle on session 349e30d04f7145aaeec1f879658d962b to remote] http.headers 125 - http-outgoing-4 &lt;&lt; Content-Type:application/json; charset=utf-8
02-14-2018 17:33:39 LoggingManagedHttpClientConnection.java DEBUG [Forwarding getTitle on session 349e30d04f7145aaeec1f879658d962b to remote] http.headers 125 - http-outgoing-4 &lt;&lt; Connection:close
02-14-2018 17:33:39 LoggingManagedHttpClientConnection.java DEBUG [Forwarding getTitle on session 349e30d04f7145aaeec1f879658d962b to remote] conn.DefaultManagedHttpClientConnection 79 - http-outgoing-4: Close connection
02-14-2018 17:33:39 ConnectionHolder.java DEBUG [Forwarding getTitle on session 349e30d04f7145aaeec1f879658d962b to remote] execchain.MainClientExec 104 - Connection discarded
02-14-2018 17:33:39 PoolingHttpClientConnectionManager.java DEBUG [Forwarding getTitle on session 349e30d04f7145aaeec1f879658d962b to remote] conn.PoolingHttpClientConnectionManager 326 - Connection released: [id: 4][route: {}-&gt;http://localhost:48816][total kept alive: 0; route allocated: 0 of 2000; total allocated: 0 of 2000]
</system-out>
  </testcase>
</testsuite>