<?xml version="1.0" encoding="UTF-8"?>
<!-- Generated by org.testng.reporters.JUnitReportReporter -->
<testsuite skipped="0" hostname="shailesh" name="example.NewTest" tests="1" failures="0" timestamp="26 Jan 2018 13:21:58 GMT" time="7.217" errors="0">
  <testcase name="f" time="7.217" classname="example.NewTest"/>
</testsuite> <!-- example.NewTest -->
