<?xml version="1.0" encoding="UTF-8"?>
<!-- Generated by org.testng.reporters.JUnitReportReporter -->
<testsuite skipped="0" hostname="shailesh" name="example.NewTest" tests="1" failures="0" timestamp="13 Feb 2018 13:04:16 GMT" time="13.128" errors="0">
  <testcase name="f" time="13.128" classname="example.NewTest"/>
</testsuite> <!-- example.NewTest -->
