<?xml version="1.0" encoding="UTF-8"?>
<!-- Generated by org.testng.reporters.JUnitReportReporter -->
<testsuite skipped="0" hostname="shailesh" name="example.NewTest" tests="2" failures="0" timestamp="14 Feb 2018 14:08:40 GMT" time="15.730" errors="0">
  <testcase name="f" time="8.496" classname="example.NewTest"/>
  <testcase name="ft" time="7.234" classname="example.NewTest"/>
</testsuite> <!-- example.NewTest -->
