<?xml version="1.0" encoding="UTF-8"?>
<!-- Generated by org.testng.reporters.JUnitReportReporter -->
<testsuite skipped="0" hostname="shailesh" name="example.NewTest" tests="2" failures="0" timestamp="14 Feb 2018 14:05:41 GMT" time="29.095" errors="0">
  <testcase name="f" time="26.738" classname="example.NewTest"/>
  <testcase name="ft" time="2.357" classname="example.NewTest"/>
</testsuite> <!-- example.NewTest -->
